Started GET "/" for 99.240.133.107 at 2023-07-29 01:32:48 +0000
  
ActiveRecord::ConnectionNotEstablished (could not connect to server: No such file or directory
	Is the server running locally and accepting
	connections on Unix domain socket "/var/run/postgresql/.s.PGSQL.5432"?
):
  
activerecord (7.0.6) lib/active_record/connection_adapters/postgresql_adapter.rb:87:in `rescue in new_client'
activerecord (7.0.6) lib/active_record/connection_adapters/postgresql_adapter.rb:77:in `new_client'
activerecord (7.0.6) lib/active_record/connection_adapters/postgresql_adapter.rb:37:in `postgresql_connection'
activerecord (7.0.6) lib/active_record/connection_adapters/abstract/connection_pool.rb:656:in `public_send'
activerecord (7.0.6) lib/active_record/connection_adapters/abstract/connection_pool.rb:656:in `new_connection'
activerecord (7.0.6) lib/active_record/connection_adapters/abstract/connection_pool.rb:700:in `checkout_new_connection'
activerecord (7.0.6) lib/active_record/connection_adapters/abstract/connection_pool.rb:679:in `try_to_checkout_new_connection'
activerecord (7.0.6) lib/active_record/connection_adapters/abstract/connection_pool.rb:640:in `acquire_connection'
activerecord (7.0.6) lib/active_record/connection_adapters/abstract/connection_pool.rb:341:in `checkout'
activerecord (7.0.6) lib/active_record/connection_adapters/abstract/connection_pool.rb:181:in `connection'
activerecord (7.0.6) lib/active_record/connection_adapters/abstract/connection_handler.rb:211:in `retrieve_connection'
activerecord (7.0.6) lib/active_record/connection_handling.rb:313:in `retrieve_connection'
activerecord (7.0.6) lib/active_record/connection_handling.rb:280:in `connection'
activerecord (7.0.6) lib/active_record/migration.rb:613:in `connection'
activerecord (7.0.6) lib/active_record/migration.rb:608:in `build_watcher'
activerecord (7.0.6) lib/active_record/migration.rb:590:in `block in call'
activerecord (7.0.6) lib/active_record/migration.rb:589:in `synchronize'
activerecord (7.0.6) lib/active_record/migration.rb:589:in `call'
actionpack (7.0.6) lib/action_dispatch/middleware/callbacks.rb:27:in `block in call'
activesupport (7.0.6) lib/active_support/callbacks.rb:99:in `run_callbacks'
actionpack (7.0.6) lib/action_dispatch/middleware/callbacks.rb:26:in `call'
actionpack (7.0.6) lib/action_dispatch/middleware/executor.rb:14:in `call'
actionpack (7.0.6) lib/action_dispatch/middleware/actionable_exceptions.rb:17:in `call'
actionpack (7.0.6) lib/action_dispatch/middleware/debug_exceptions.rb:28:in `call'
actionpack (7.0.6) lib/action_dispatch/middleware/show_exceptions.rb:29:in `call'
railties (7.0.6) lib/rails/rack/logger.rb:40:in `call_app'
railties (7.0.6) lib/rails/rack/logger.rb:25:in `block in call'
activesupport (7.0.6) lib/active_support/tagged_logging.rb:99:in `block in tagged'
activesupport (7.0.6) lib/active_support/tagged_logging.rb:37:in `tagged'
activesupport (7.0.6) lib/active_support/tagged_logging.rb:99:in `tagged'
railties (7.0.6) lib/rails/rack/logger.rb:25:in `call'
actionpack (7.0.6) lib/action_dispatch/middleware/remote_ip.rb:93:in `call'
actionpack (7.0.6) lib/action_dispatch/middleware/request_id.rb:26:in `call'
rack (2.2.7) lib/rack/runtime.rb:22:in `call'
activesupport (7.0.6) lib/active_support/cache/strategy/local_cache_middleware.rb:29:in `call'
actionpack (7.0.6) lib/action_dispatch/middleware/server_timing.rb:61:in `block in call'
actionpack (7.0.6) lib/action_dispatch/middleware/server_timing.rb:26:in `collect_events'
actionpack (7.0.6) lib/action_dispatch/middleware/server_timing.rb:60:in `call'
actionpack (7.0.6) lib/action_dispatch/middleware/executor.rb:14:in `call'
actionpack (7.0.6) lib/action_dispatch/middleware/static.rb:23:in `call'
rack (2.2.7) lib/rack/sendfile.rb:110:in `call'
actionpack (7.0.6) lib/action_dispatch/middleware/host_authorization.rb:137:in `call'
railties (7.0.6) lib/rails/engine.rb:530:in `call'
puma (5.6.6) lib/puma/configuration.rb:252:in `call'
puma (5.6.6) lib/puma/request.rb:77:in `block in handle_request'
puma (5.6.6) lib/puma/thread_pool.rb:340:in `with_force_shutdown'
puma (5.6.6) lib/puma/request.rb:76:in `handle_request'
puma (5.6.6) lib/puma/server.rb:443:in `process_client'
puma (5.6.6) lib/puma/thread_pool.rb:147:in `block in spawn_thread'
Started GET "/favicon.ico" for 99.240.133.107 at 2023-07-29 01:32:49 +0000
  
ActiveRecord::ConnectionNotEstablished (could not connect to server: No such file or directory
	Is the server running locally and accepting
	connections on Unix domain socket "/var/run/postgresql/.s.PGSQL.5432"?
):
  
activerecord (7.0.6) lib/active_record/connection_adapters/postgresql_adapter.rb:87:in `rescue in new_client'
activerecord (7.0.6) lib/active_record/connection_adapters/postgresql_adapter.rb:77:in `new_client'
activerecord (7.0.6) lib/active_record/connection_adapters/postgresql_adapter.rb:37:in `postgresql_connection'
activerecord (7.0.6) lib/active_record/connection_adapters/abstract/connection_pool.rb:656:in `public_send'
activerecord (7.0.6) lib/active_record/connection_adapters/abstract/connection_pool.rb:656:in `new_connection'
activerecord (7.0.6) lib/active_record/connection_adapters/abstract/connection_pool.rb:700:in `checkout_new_connection'
activerecord (7.0.6) lib/active_record/connection_adapters/abstract/connection_pool.rb:679:in `try_to_checkout_new_connection'
activerecord (7.0.6) lib/active_record/connection_adapters/abstract/connection_pool.rb:640:in `acquire_connection'
activerecord (7.0.6) lib/active_record/connection_adapters/abstract/connection_pool.rb:341:in `checkout'
activerecord (7.0.6) lib/active_record/connection_adapters/abstract/connection_pool.rb:181:in `connection'
activerecord (7.0.6) lib/active_record/connection_adapters/abstract/connection_handler.rb:211:in `retrieve_connection'
activerecord (7.0.6) lib/active_record/connection_handling.rb:313:in `retrieve_connection'
activerecord (7.0.6) lib/active_record/connection_handling.rb:280:in `connection'
activerecord (7.0.6) lib/active_record/migration.rb:613:in `connection'
activerecord (7.0.6) lib/active_record/migration.rb:608:in `build_watcher'
activerecord (7.0.6) lib/active_record/migration.rb:590:in `block in call'
activerecord (7.0.6) lib/active_record/migration.rb:589:in `synchronize'
activerecord (7.0.6) lib/active_record/migration.rb:589:in `call'
actionpack (7.0.6) lib/action_dispatch/middleware/callbacks.rb:27:in `block in call'
activesupport (7.0.6) lib/active_support/callbacks.rb:99:in `run_callbacks'
actionpack (7.0.6) lib/action_dispatch/middleware/callbacks.rb:26:in `call'
actionpack (7.0.6) lib/action_dispatch/middleware/executor.rb:14:in `call'
actionpack (7.0.6) lib/action_dispatch/middleware/actionable_exceptions.rb:17:in `call'
actionpack (7.0.6) lib/action_dispatch/middleware/debug_exceptions.rb:28:in `call'
actionpack (7.0.6) lib/action_dispatch/middleware/show_exceptions.rb:29:in `call'
railties (7.0.6) lib/rails/rack/logger.rb:40:in `call_app'
railties (7.0.6) lib/rails/rack/logger.rb:25:in `block in call'
activesupport (7.0.6) lib/active_support/tagged_logging.rb:99:in `block in tagged'
activesupport (7.0.6) lib/active_support/tagged_logging.rb:37:in `tagged'
activesupport (7.0.6) lib/active_support/tagged_logging.rb:99:in `tagged'
railties (7.0.6) lib/rails/rack/logger.rb:25:in `call'
actionpack (7.0.6) lib/action_dispatch/middleware/remote_ip.rb:93:in `call'
actionpack (7.0.6) lib/action_dispatch/middleware/request_id.rb:26:in `call'
rack (2.2.7) lib/rack/runtime.rb:22:in `call'
activesupport (7.0.6) lib/active_support/cache/strategy/local_cache_middleware.rb:29:in `call'
actionpack (7.0.6) lib/action_dispatch/middleware/server_timing.rb:61:in `block in call'
actionpack (7.0.6) lib/action_dispatch/middleware/server_timing.rb:26:in `collect_events'
actionpack (7.0.6) lib/action_dispatch/middleware/server_timing.rb:60:in `call'
actionpack (7.0.6) lib/action_dispatch/middleware/executor.rb:14:in `call'
actionpack (7.0.6) lib/action_dispatch/middleware/static.rb:23:in `call'
rack (2.2.7) lib/rack/sendfile.rb:110:in `call'
actionpack (7.0.6) lib/action_dispatch/middleware/host_authorization.rb:137:in `call'
railties (7.0.6) lib/rails/engine.rb:530:in `call'
puma (5.6.6) lib/puma/configuration.rb:252:in `call'
puma (5.6.6) lib/puma/request.rb:77:in `block in handle_request'
puma (5.6.6) lib/puma/thread_pool.rb:340:in `with_force_shutdown'
puma (5.6.6) lib/puma/request.rb:76:in `handle_request'
puma (5.6.6) lib/puma/server.rb:443:in `process_client'
puma (5.6.6) lib/puma/thread_pool.rb:147:in `block in spawn_thread'
Started GET "/" for 99.240.133.107 at 2023-07-29 01:36:16 +0000
  
ActiveRecord::ConnectionNotEstablished (could not connect to server: No such file or directory
	Is the server running locally and accepting
	connections on Unix domain socket "/var/run/postgresql/.s.PGSQL.5432"?
):
  
activerecord (7.0.6) lib/active_record/connection_adapters/postgresql_adapter.rb:87:in `rescue in new_client'
activerecord (7.0.6) lib/active_record/connection_adapters/postgresql_adapter.rb:77:in `new_client'
activerecord (7.0.6) lib/active_record/connection_adapters/postgresql_adapter.rb:37:in `postgresql_connection'
activerecord (7.0.6) lib/active_record/connection_adapters/abstract/connection_pool.rb:656:in `public_send'
activerecord (7.0.6) lib/active_record/connection_adapters/abstract/connection_pool.rb:656:in `new_connection'
activerecord (7.0.6) lib/active_record/connection_adapters/abstract/connection_pool.rb:700:in `checkout_new_connection'
activerecord (7.0.6) lib/active_record/connection_adapters/abstract/connection_pool.rb:679:in `try_to_checkout_new_connection'
activerecord (7.0.6) lib/active_record/connection_adapters/abstract/connection_pool.rb:640:in `acquire_connection'
activerecord (7.0.6) lib/active_record/connection_adapters/abstract/connection_pool.rb:341:in `checkout'
activerecord (7.0.6) lib/active_record/connection_adapters/abstract/connection_pool.rb:181:in `connection'
activerecord (7.0.6) lib/active_record/connection_adapters/abstract/connection_handler.rb:211:in `retrieve_connection'
activerecord (7.0.6) lib/active_record/connection_handling.rb:313:in `retrieve_connection'
activerecord (7.0.6) lib/active_record/connection_handling.rb:280:in `connection'
activerecord (7.0.6) lib/active_record/migration.rb:613:in `connection'
activerecord (7.0.6) lib/active_record/migration.rb:608:in `build_watcher'
activerecord (7.0.6) lib/active_record/migration.rb:590:in `block in call'
activerecord (7.0.6) lib/active_record/migration.rb:589:in `synchronize'
activerecord (7.0.6) lib/active_record/migration.rb:589:in `call'
actionpack (7.0.6) lib/action_dispatch/middleware/callbacks.rb:27:in `block in call'
activesupport (7.0.6) lib/active_support/callbacks.rb:99:in `run_callbacks'
actionpack (7.0.6) lib/action_dispatch/middleware/callbacks.rb:26:in `call'
actionpack (7.0.6) lib/action_dispatch/middleware/executor.rb:14:in `call'
actionpack (7.0.6) lib/action_dispatch/middleware/actionable_exceptions.rb:17:in `call'
actionpack (7.0.6) lib/action_dispatch/middleware/debug_exceptions.rb:28:in `call'
actionpack (7.0.6) lib/action_dispatch/middleware/show_exceptions.rb:29:in `call'
railties (7.0.6) lib/rails/rack/logger.rb:40:in `call_app'
railties (7.0.6) lib/rails/rack/logger.rb:25:in `block in call'
activesupport (7.0.6) lib/active_support/tagged_logging.rb:99:in `block in tagged'
activesupport (7.0.6) lib/active_support/tagged_logging.rb:37:in `tagged'
activesupport (7.0.6) lib/active_support/tagged_logging.rb:99:in `tagged'
railties (7.0.6) lib/rails/rack/logger.rb:25:in `call'
actionpack (7.0.6) lib/action_dispatch/middleware/remote_ip.rb:93:in `call'
actionpack (7.0.6) lib/action_dispatch/middleware/request_id.rb:26:in `call'
rack (2.2.7) lib/rack/runtime.rb:22:in `call'
activesupport (7.0.6) lib/active_support/cache/strategy/local_cache_middleware.rb:29:in `call'
actionpack (7.0.6) lib/action_dispatch/middleware/server_timing.rb:61:in `block in call'
actionpack (7.0.6) lib/action_dispatch/middleware/server_timing.rb:26:in `collect_events'
actionpack (7.0.6) lib/action_dispatch/middleware/server_timing.rb:60:in `call'
actionpack (7.0.6) lib/action_dispatch/middleware/executor.rb:14:in `call'
actionpack (7.0.6) lib/action_dispatch/middleware/static.rb:23:in `call'
rack (2.2.7) lib/rack/sendfile.rb:110:in `call'
actionpack (7.0.6) lib/action_dispatch/middleware/host_authorization.rb:137:in `call'
railties (7.0.6) lib/rails/engine.rb:530:in `call'
puma (5.6.6) lib/puma/configuration.rb:252:in `call'
puma (5.6.6) lib/puma/request.rb:77:in `block in handle_request'
puma (5.6.6) lib/puma/thread_pool.rb:340:in `with_force_shutdown'
puma (5.6.6) lib/puma/request.rb:76:in `handle_request'
puma (5.6.6) lib/puma/server.rb:443:in `process_client'
puma (5.6.6) lib/puma/thread_pool.rb:147:in `block in spawn_thread'
Started GET "/favicon.ico" for 99.240.133.107 at 2023-07-29 01:36:16 +0000
  
ActiveRecord::ConnectionNotEstablished (could not connect to server: No such file or directory
	Is the server running locally and accepting
	connections on Unix domain socket "/var/run/postgresql/.s.PGSQL.5432"?
):
  
activerecord (7.0.6) lib/active_record/connection_adapters/postgresql_adapter.rb:87:in `rescue in new_client'
activerecord (7.0.6) lib/active_record/connection_adapters/postgresql_adapter.rb:77:in `new_client'
activerecord (7.0.6) lib/active_record/connection_adapters/postgresql_adapter.rb:37:in `postgresql_connection'
activerecord (7.0.6) lib/active_record/connection_adapters/abstract/connection_pool.rb:656:in `public_send'
activerecord (7.0.6) lib/active_record/connection_adapters/abstract/connection_pool.rb:656:in `new_connection'
activerecord (7.0.6) lib/active_record/connection_adapters/abstract/connection_pool.rb:700:in `checkout_new_connection'
activerecord (7.0.6) lib/active_record/connection_adapters/abstract/connection_pool.rb:679:in `try_to_checkout_new_connection'
activerecord (7.0.6) lib/active_record/connection_adapters/abstract/connection_pool.rb:640:in `acquire_connection'
activerecord (7.0.6) lib/active_record/connection_adapters/abstract/connection_pool.rb:341:in `checkout'
activerecord (7.0.6) lib/active_record/connection_adapters/abstract/connection_pool.rb:181:in `connection'
activerecord (7.0.6) lib/active_record/connection_adapters/abstract/connection_handler.rb:211:in `retrieve_connection'
activerecord (7.0.6) lib/active_record/connection_handling.rb:313:in `retrieve_connection'
activerecord (7.0.6) lib/active_record/connection_handling.rb:280:in `connection'
activerecord (7.0.6) lib/active_record/migration.rb:613:in `connection'
activerecord (7.0.6) lib/active_record/migration.rb:608:in `build_watcher'
activerecord (7.0.6) lib/active_record/migration.rb:590:in `block in call'
activerecord (7.0.6) lib/active_record/migration.rb:589:in `synchronize'
activerecord (7.0.6) lib/active_record/migration.rb:589:in `call'
actionpack (7.0.6) lib/action_dispatch/middleware/callbacks.rb:27:in `block in call'
activesupport (7.0.6) lib/active_support/callbacks.rb:99:in `run_callbacks'
actionpack (7.0.6) lib/action_dispatch/middleware/callbacks.rb:26:in `call'
actionpack (7.0.6) lib/action_dispatch/middleware/executor.rb:14:in `call'
actionpack (7.0.6) lib/action_dispatch/middleware/actionable_exceptions.rb:17:in `call'
actionpack (7.0.6) lib/action_dispatch/middleware/debug_exceptions.rb:28:in `call'
actionpack (7.0.6) lib/action_dispatch/middleware/show_exceptions.rb:29:in `call'
railties (7.0.6) lib/rails/rack/logger.rb:40:in `call_app'
railties (7.0.6) lib/rails/rack/logger.rb:25:in `block in call'
activesupport (7.0.6) lib/active_support/tagged_logging.rb:99:in `block in tagged'
activesupport (7.0.6) lib/active_support/tagged_logging.rb:37:in `tagged'
activesupport (7.0.6) lib/active_support/tagged_logging.rb:99:in `tagged'
railties (7.0.6) lib/rails/rack/logger.rb:25:in `call'
actionpack (7.0.6) lib/action_dispatch/middleware/remote_ip.rb:93:in `call'
actionpack (7.0.6) lib/action_dispatch/middleware/request_id.rb:26:in `call'
rack (2.2.7) lib/rack/runtime.rb:22:in `call'
activesupport (7.0.6) lib/active_support/cache/strategy/local_cache_middleware.rb:29:in `call'
actionpack (7.0.6) lib/action_dispatch/middleware/server_timing.rb:61:in `block in call'
actionpack (7.0.6) lib/action_dispatch/middleware/server_timing.rb:26:in `collect_events'
actionpack (7.0.6) lib/action_dispatch/middleware/server_timing.rb:60:in `call'
actionpack (7.0.6) lib/action_dispatch/middleware/executor.rb:14:in `call'
actionpack (7.0.6) lib/action_dispatch/middleware/static.rb:23:in `call'
rack (2.2.7) lib/rack/sendfile.rb:110:in `call'
actionpack (7.0.6) lib/action_dispatch/middleware/host_authorization.rb:137:in `call'
railties (7.0.6) lib/rails/engine.rb:530:in `call'
puma (5.6.6) lib/puma/configuration.rb:252:in `call'
puma (5.6.6) lib/puma/request.rb:77:in `block in handle_request'
puma (5.6.6) lib/puma/thread_pool.rb:340:in `with_force_shutdown'
puma (5.6.6) lib/puma/request.rb:76:in `handle_request'
puma (5.6.6) lib/puma/server.rb:443:in `process_client'
puma (5.6.6) lib/puma/thread_pool.rb:147:in `block in spawn_thread'
Started GET "/" for 99.240.133.107 at 2023-07-29 01:40:35 +0000
Processing by Rails::WelcomeController#index as HTML
  Rendering /usr/local/rvm/gems/ruby-3.2.2/gems/railties-7.0.6/lib/rails/templates/rails/welcome/index.html.erb
  Rendered /usr/local/rvm/gems/ruby-3.2.2/gems/railties-7.0.6/lib/rails/templates/rails/welcome/index.html.erb (Duration: 1.7ms | Allocations: 490)
Completed 200 OK in 13ms (Views: 3.9ms | ActiveRecord: 0.0ms | Allocations: 4662)


  [1m[35m (77.3ms)[0m  [1m[35mCREATE TABLE "schema_migrations" ("version" character varying NOT NULL PRIMARY KEY)[0m
  [1m[35m (72.4ms)[0m  [1m[35mCREATE TABLE "ar_internal_metadata" ("key" character varying NOT NULL PRIMARY KEY, "value" character varying, "created_at" timestamp(6) NOT NULL, "updated_at" timestamp(6) NOT NULL)[0m
  [1m[36mActiveRecord::SchemaMigration Pluck (63.3ms)[0m  [1m[34mSELECT "schema_migrations"."version" FROM "schema_migrations" ORDER BY "schema_migrations"."version" ASC[0m
  [1m[36mActiveRecord::SchemaMigration Pluck (62.4ms)[0m  [1m[34mSELECT "schema_migrations"."version" FROM "schema_migrations" ORDER BY "schema_migrations"."version" ASC[0m
  [1m[35m (63.4ms)[0m  [1m[34mSELECT pg_try_advisory_lock(6765451939666364595)[0m
  [1m[36mActiveRecord::SchemaMigration Pluck (62.5ms)[0m  [1m[34mSELECT "schema_migrations"."version" FROM "schema_migrations" ORDER BY "schema_migrations"."version" ASC[0m
  [1m[35m (63.3ms)[0m  [1m[34mSELECT pg_advisory_unlock(6765451939666364595)[0m
  [1m[36mActiveRecord::SchemaMigration Pluck (65.4ms)[0m  [1m[34mSELECT "schema_migrations"."version" FROM "schema_migrations" ORDER BY "schema_migrations"."version" ASC[0m
  [1m[35m (66.1ms)[0m  [1m[34mSELECT pg_try_advisory_lock(6765451939666364595)[0m
  [1m[36mActiveRecord::SchemaMigration Pluck (66.9ms)[0m  [1m[34mSELECT "schema_migrations"."version" FROM "schema_migrations" ORDER BY "schema_migrations"."version" ASC[0m
Migrating to CreateGameSettings (20230729014301)
  [1m[36mTRANSACTION (65.1ms)[0m  [1m[35mBEGIN[0m
  [1m[35m (76.1ms)[0m  [1m[35mCREATE TABLE "game_settings" ("id" bigserial primary key, "addition_range_start" integer, "addition_range_end" integer, "multiplication_range_start" integer, "multiplication_range_end" integer, "duration" integer, "created_at" timestamp(6) NOT NULL, "updated_at" timestamp(6) NOT NULL)[0m
  [1m[36mActiveRecord::SchemaMigration Create (65.2ms)[0m  [1m[32mINSERT INTO "schema_migrations" ("version") VALUES ($1) RETURNING "version"[0m  [["version", "20230729014301"]]
  [1m[36mTRANSACTION (65.7ms)[0m  [1m[35mCOMMIT[0m
Migrating to CreateGames (20230729014308)
  [1m[36mTRANSACTION (65.1ms)[0m  [1m[35mBEGIN[0m
  [1m[35m (75.1ms)[0m  [1m[35mCREATE TABLE "games" ("id" bigserial primary key, "game_setting_id" bigint NOT NULL, "score" integer, "timestamp" timestamp(6), "created_at" timestamp(6) NOT NULL, "updated_at" timestamp(6) NOT NULL, CONSTRAINT "fk_rails_87acb8387a"
FOREIGN KEY ("game_setting_id")
  REFERENCES "game_settings" ("id")
)[0m
  [1m[35m (70.0ms)[0m  [1m[35mCREATE INDEX "index_games_on_game_setting_id" ON "games" ("game_setting_id")[0m
  [1m[36mActiveRecord::SchemaMigration Create (65.2ms)[0m  [1m[32mINSERT INTO "schema_migrations" ("version") VALUES ($1) RETURNING "version"[0m  [["version", "20230729014308"]]
  [1m[36mTRANSACTION (66.2ms)[0m  [1m[35mCOMMIT[0m
Migrating to CreateQuestions (20230729014914)
  [1m[36mTRANSACTION (64.9ms)[0m  [1m[35mBEGIN[0m
  [1m[35m (77.0ms)[0m  [1m[35mCREATE TABLE "questions" ("id" bigserial primary key, "first_num" integer, "second_num" integer, "operation_type" character varying, "answer" integer, "created_at" timestamp(6) NOT NULL, "updated_at" timestamp(6) NOT NULL)[0m
  [1m[36mActiveRecord::SchemaMigration Create (65.2ms)[0m  [1m[32mINSERT INTO "schema_migrations" ("version") VALUES ($1) RETURNING "version"[0m  [["version", "20230729014914"]]
  [1m[36mTRANSACTION (66.1ms)[0m  [1m[35mCOMMIT[0m
  [1m[36mActiveRecord::InternalMetadata Load (65.8ms)[0m  [1m[34mSELECT "ar_internal_metadata".* FROM "ar_internal_metadata" WHERE "ar_internal_metadata"."key" = $1 LIMIT $2[0m  [["key", "environment"], ["LIMIT", 1]]
  [1m[36mTRANSACTION (65.0ms)[0m  [1m[35mBEGIN[0m
  [1m[36mActiveRecord::InternalMetadata Create (65.5ms)[0m  [1m[32mINSERT INTO "ar_internal_metadata" ("key", "value", "created_at", "updated_at") VALUES ($1, $2, $3, $4) RETURNING "key"[0m  [["key", "environment"], ["value", "development"], ["created_at", "2023-07-29 01:49:31.172575"], ["updated_at", "2023-07-29 01:49:31.172575"]]
  [1m[36mTRANSACTION (65.7ms)[0m  [1m[35mCOMMIT[0m
  [1m[35m (66.0ms)[0m  [1m[34mSELECT pg_advisory_unlock(6765451939666364595)[0m
  [1m[36mActiveRecord::SchemaMigration Pluck (66.9ms)[0m  [1m[34mSELECT "schema_migrations"."version" FROM "schema_migrations" ORDER BY "schema_migrations"."version" ASC[0m
Started GET "/" for 99.240.133.107 at 2023-07-29 01:56:33 +0000
  [1m[36mActiveRecord::SchemaMigration Pluck (67.0ms)[0m  [1m[34mSELECT "schema_migrations"."version" FROM "schema_migrations" ORDER BY "schema_migrations"."version" ASC[0m
Processing by Rails::WelcomeController#index as HTML
  Rendering /usr/local/rvm/gems/ruby-3.2.2/gems/railties-7.0.6/lib/rails/templates/rails/welcome/index.html.erb
  Rendered /usr/local/rvm/gems/ruby-3.2.2/gems/railties-7.0.6/lib/rails/templates/rails/welcome/index.html.erb (Duration: 8.3ms | Allocations: 490)
Completed 200 OK in 40ms (Views: 10.9ms | ActiveRecord: 0.0ms | Allocations: 4062)


Started GET "/games" for 99.240.133.107 at 2023-07-29 01:56:41 +0000
  
ActionController::RoutingError (No route matches [GET] "/games"):
  
Started GET "/favicon.ico" for 99.240.133.107 at 2023-07-29 01:56:41 +0000
  
ActionController::RoutingError (No route matches [GET] "/favicon.ico"):
  
Started GET "/api/v1/games" for 99.240.133.107 at 2023-07-29 01:57:01 +0000
  
ActionController::RoutingError (uninitialized constant Api):
  
Started GET "/api/v1/games(.:format)" for 99.240.133.107 at 2023-07-29 01:57:37 +0000
  
ActionController::RoutingError (No route matches [GET] "/api/v1/games(.:format)"):
  
Started GET "/api/v1/games" for 99.240.133.107 at 2023-07-29 01:57:46 +0000
  
ActionController::RoutingError (uninitialized constant Api):
  
Started GET "/api/v1/games" for 99.240.133.107 at 2023-07-29 02:01:16 +0000
  [1m[36mActiveRecord::SchemaMigration Pluck (67.3ms)[0m  [1m[34mSELECT "schema_migrations"."version" FROM "schema_migrations" ORDER BY "schema_migrations"."version" ASC[0m
Processing by Api::V1::GamesController#index as HTML
Completed 200 OK in 7ms (Views: 0.3ms | ActiveRecord: 0.0ms | Allocations: 2344)


Started GET "/api/v1/games" for 99.240.133.107 at 2023-07-29 02:31:49 +0000
Processing by Api::V1::GamesController#index as HTML
Completed 200 OK in 1ms (Views: 0.2ms | Allocations: 160)


Started GET "/" for 99.240.133.107 at 2023-07-30 15:38:11 +0000
  [1m[36mActiveRecord::SchemaMigration Pluck (67.9ms)[0m  [1m[34mSELECT "schema_migrations"."version" FROM "schema_migrations" ORDER BY "schema_migrations"."version" ASC[0m
Processing by Rails::WelcomeController#index as HTML
  Rendering /usr/local/rvm/gems/ruby-3.2.2/gems/railties-7.0.6/lib/rails/templates/rails/welcome/index.html.erb
  Rendered /usr/local/rvm/gems/ruby-3.2.2/gems/railties-7.0.6/lib/rails/templates/rails/welcome/index.html.erb (Duration: 15.6ms | Allocations: 490)
Completed 200 OK in 32ms (Views: 19.6ms | ActiveRecord: 0.0ms | Allocations: 4063)


Started GET "/api/v1/questions" for 99.240.133.107 at 2023-07-30 15:38:42 +0000
  
ActionController::RoutingError (No route matches [GET] "/api/v1/questions"):
  
Started POST "/api/v1/questions" for ::1 at 2023-07-30 15:43:13 +0000
Started GET "/api/v1/games" for 99.240.133.107 at 2023-07-30 15:50:35 +0000
  [1m[36mActiveRecord::SchemaMigration Pluck (67.6ms)[0m  [1m[34mSELECT "schema_migrations"."version" FROM "schema_migrations" ORDER BY "schema_migrations"."version" ASC[0m
Processing by Api::V1::GamesController#index as HTML
Completed 200 OK in 5ms (Views: 0.2ms | ActiveRecord: 0.0ms | Allocations: 2344)


Started GET "/" for 99.240.133.107 at 2023-07-30 15:50:38 +0000
Processing by Rails::WelcomeController#index as HTML
  Rendering /usr/local/rvm/gems/ruby-3.2.2/gems/railties-7.0.6/lib/rails/templates/rails/welcome/index.html.erb
  Rendered /usr/local/rvm/gems/ruby-3.2.2/gems/railties-7.0.6/lib/rails/templates/rails/welcome/index.html.erb (Duration: 8.3ms | Allocations: 487)
Completed 200 OK in 23ms (Views: 10.6ms | ActiveRecord: 0.0ms | Allocations: 3972)


Started GET "/api/v1/games" for 99.240.133.107 at 2023-07-30 15:50:52 +0000
Processing by Api::V1::GamesController#index as HTML
Completed 200 OK in 0ms (Views: 0.2ms | ActiveRecord: 0.0ms | Allocations: 90)


Started GET "/api/v1/games" for 99.240.133.107 at 2023-07-30 15:51:03 +0000
Processing by Api::V1::GamesController#index as HTML
Completed 200 OK in 0ms (Views: 0.2ms | ActiveRecord: 0.0ms | Allocations: 88)


Started GET "/api/v1/games" for 99.240.133.107 at 2023-07-30 16:01:35 +0000
Processing by Api::V1::GamesController#index as HTML
Completed 200 OK in 19ms (Views: 18.4ms | Allocations: 86)


Started GET "/api/v1/games" for 99.240.133.107 at 2023-07-30 16:06:09 +0000
  [1m[36mActiveRecord::SchemaMigration Pluck (68.8ms)[0m  [1m[34mSELECT "schema_migrations"."version" FROM "schema_migrations" ORDER BY "schema_migrations"."version" ASC[0m
Processing by Api::V1::GamesController#index as HTML
Completed 200 OK in 8ms (Views: 0.2ms | ActiveRecord: 0.0ms | Allocations: 2346)


Started GET "/api/v1/games" for 99.240.133.107 at 2023-07-30 16:12:11 +0000
Processing by Api::V1::GamesController#index as HTML
Completed 200 OK in 0ms (Views: 0.2ms | Allocations: 159)


Started GET "/api/v1/games" for 99.240.133.107 at 2023-07-30 16:12:14 +0000
Processing by Api::V1::GamesController#index as HTML
Completed 200 OK in 0ms (Views: 0.2ms | Allocations: 89)


Started GET "/favicon.ico" for 99.240.133.107 at 2023-07-30 16:12:14 +0000
  
ActionController::RoutingError (No route matches [GET] "/favicon.ico"):
  
Started GET "/api/v1/games" for 99.240.133.107 at 2023-07-30 16:14:50 +0000
Processing by Api::V1::GamesController#index as */*
  Parameters: {"game"=>{}}
Completed 200 OK in 0ms (Views: 0.2ms | ActiveRecord: 1086.9ms | Allocations: 95)


Started GET "/api/v1/games" for 99.240.133.107 at 2023-07-30 16:14:52 +0000
Processing by Api::V1::GamesController#index as */*
  Parameters: {"game"=>{}}
Completed 200 OK in 1ms (Views: 0.2ms | ActiveRecord: 0.0ms | Allocations: 91)


Started GET "/api/v1/games" for 99.240.133.107 at 2023-07-30 16:15:30 +0000
Processing by Api::V1::GamesController#index as HTML
Completed 200 OK in 0ms (Views: 0.2ms | ActiveRecord: 0.0ms | Allocations: 85)


Started POST "/api/v1/questions" for 99.240.133.107 at 2023-07-30 16:15:33 +0000
Started POST "/api/v1/questions" for 99.240.133.107 at 2023-07-30 16:15:33 +0000
Processing by Api::V1::QuestionsController#create as */*
Processing by Api::V1::QuestionsController#create as */*
  Parameters: {"additionRange"=>{"min"=>2, "max"=>100}, "multiplicationRange"=>{"min"=>2, "max"=>12}, "duration"=>120, "question"=>{}}
Completed 200 OK in 31ms (Views: 28.0ms | ActiveRecord: 68.8ms | Allocations: 10993)


  Parameters: {"additionRange"=>{"min"=>2, "max"=>100}, "multiplicationRange"=>{"min"=>2, "max"=>12}, "duration"=>120, "question"=>{}}
Completed 200 OK in 21ms (Views: 18.3ms | ActiveRecord: 0.0ms | Allocations: 10903)


Started POST "/api/v1/questions" for 99.240.133.107 at 2023-07-30 16:20:46 +0000
Processing by Api::V1::QuestionsController#create as */*
  Parameters: {"additionRange"=>{"min"=>2, "max"=>100}, "multiplicationRange"=>{"min"=>2, "max"=>12}, "question"=>{}}
Completed 200 OK in 15ms (Views: 14.6ms | ActiveRecord: 0.0ms | Allocations: 106)


Started POST "/api/v1/questions" for 99.240.133.107 at 2023-07-30 16:22:27 +0000
Processing by Api::V1::QuestionsController#create as */*
  Parameters: {"additionRange"=>{"min"=>2, "max"=>100}, "multiplicationRange"=>{"min"=>2, "max"=>12}, "question"=>{}}
Completed 200 OK in 0ms (Views: 0.2ms | Allocations: 106)


Started POST "/api/v1/questions" for 99.240.133.107 at 2023-07-30 16:22:31 +0000
Processing by Api::V1::QuestionsController#create as */*
  Parameters: {"additionRange"=>{"min"=>2, "max"=>100}, "multiplicationRange"=>{"min"=>2, "max"=>12}, "question"=>{}}
Completed 200 OK in 1ms (Views: 0.2ms | Allocations: 105)


Started GET "/" for 99.240.133.107 at 2023-07-30 16:41:52 +0000
  [1m[36mActiveRecord::SchemaMigration Pluck (68.8ms)[0m  [1m[34mSELECT "schema_migrations"."version" FROM "schema_migrations" ORDER BY "schema_migrations"."version" ASC[0m
Processing by Rails::WelcomeController#index as HTML
  Rendering /usr/local/rvm/gems/ruby-3.2.2/gems/railties-7.0.6/lib/rails/templates/rails/welcome/index.html.erb
  Rendered /usr/local/rvm/gems/ruby-3.2.2/gems/railties-7.0.6/lib/rails/templates/rails/welcome/index.html.erb (Duration: 8.1ms | Allocations: 490)
Completed 200 OK in 24ms (Views: 11.0ms | ActiveRecord: 0.0ms | Allocations: 4062)


Started GET "/api/v1/games" for 99.240.133.107 at 2023-07-30 16:42:15 +0000
Processing by Api::V1::GamesController#index as HTML
Completed 200 OK in 1ms (Views: 0.3ms | ActiveRecord: 0.0ms | Allocations: 275)


Started POST "/api/v1/questions" for 99.240.133.107 at 2023-07-30 16:42:36 +0000
Processing by Api::V1::QuestionsController#create as */*
  Parameters: {"additionRange"=>{"min"=>2, "max"=>100}, "multiplicationRange"=>{"min"=>2, "max"=>12}, "duration"=>120, "question"=>{}}
Completed 200 OK in 23ms (Views: 20.3ms | ActiveRecord: 203.4ms | Allocations: 10995)


Started POST "/api/v1/questions" for 99.240.133.107 at 2023-07-30 16:45:15 +0000
Processing by Api::V1::QuestionsController#create as */*
  Parameters: {"additionRange"=>{"min"=>2, "max"=>100}, "multiplicationRange"=>{"min"=>2, "max"=>12}, "duration"=>30, "question"=>{}}
Completed 200 OK in 245ms (Views: 86.6ms | ActiveRecord: 0.0ms | Allocations: 2803)


Started POST "/api/v1/questions" for 99.240.133.107 at 2023-07-30 16:46:48 +0000
Processing by Api::V1::QuestionsController#create as */*
  Parameters: {"additionRange"=>{"min"=>2, "max"=>100}, "multiplicationRange"=>{"min"=>2, "max"=>12}, "duration"=>30, "question"=>{}}
Completed 200 OK in 3ms (Views: 2.2ms | ActiveRecord: 0.0ms | Allocations: 2806)


Started POST "/api/v1/questions" for 99.240.133.107 at 2023-07-30 16:47:49 +0000
Processing by Api::V1::QuestionsController#create as */*
  Parameters: {"additionRange"=>{"min"=>2, "max"=>100}, "multiplicationRange"=>{"min"=>2, "max"=>12}, "duration"=>30, "question"=>{}}
Completed 200 OK in 2ms (Views: 0.9ms | ActiveRecord: 0.0ms | Allocations: 2803)


Started POST "/api/v1/questions" for 99.240.133.107 at 2023-07-30 16:48:59 +0000
Processing by Api::V1::QuestionsController#create as */*
  Parameters: {"additionRange"=>{"min"=>2, "max"=>100}, "multiplicationRange"=>{"min"=>2, "max"=>12}, "duration"=>30, "question"=>{}}
Completed 200 OK in 2ms (Views: 1.5ms | Allocations: 2805)


Started GET "/" for 99.240.133.107 at 2023-07-30 20:09:43 +0000
  [1m[36mActiveRecord::SchemaMigration Pluck (67.5ms)[0m  [1m[34mSELECT "schema_migrations"."version" FROM "schema_migrations" ORDER BY "schema_migrations"."version" ASC[0m
Processing by Rails::WelcomeController#index as HTML
  Rendering /usr/local/rvm/gems/ruby-3.2.2/gems/railties-7.0.6/lib/rails/templates/rails/welcome/index.html.erb
  Rendered /usr/local/rvm/gems/ruby-3.2.2/gems/railties-7.0.6/lib/rails/templates/rails/welcome/index.html.erb (Duration: 15.7ms | Allocations: 490)
Completed 200 OK in 31ms (Views: 19.7ms | ActiveRecord: 0.0ms | Allocations: 4062)


Started POST "/api/v1/questions" for 99.240.133.107 at 2023-07-30 20:11:53 +0000
Processing by Api::V1::QuestionsController#create as */*
  Parameters: {"additionRange"=>{"min"=>2, "max"=>100}, "multiplicationRange"=>{"min"=>2, "max"=>12}, "duration"=>30, "question"=>{}}
Completed 200 OK in 2ms (Views: 1.5ms | ActiveRecord: 200.5ms | Allocations: 3018)


Started POST "/api/v1/questions" for 99.240.133.107 at 2023-07-30 20:16:22 +0000
Processing by Api::V1::QuestionsController#create as */*
  Parameters: {"additionRange"=>{"min"=>2, "max"=>100}, "multiplicationRange"=>{"min"=>2, "max"=>12}, "duration"=>30, "question"=>{}}
Completed 200 OK in 2ms (Views: 1.6ms | ActiveRecord: 0.0ms | Allocations: 2805)


Started POST "/api/v1/questions" for 99.240.133.107 at 2023-07-30 20:16:43 +0000
Processing by Api::V1::QuestionsController#create as */*
  Parameters: {"additionRange"=>{"min"=>2, "max"=>100}, "multiplicationRange"=>{"min"=>2, "max"=>12}, "duration"=>30, "question"=>{}}
Completed 200 OK in 39ms (Views: 9.1ms | ActiveRecord: 0.0ms | Allocations: 2805)


Started POST "/api/v1/questions" for 99.240.133.107 at 2023-07-30 20:23:28 +0000
Processing by Api::V1::QuestionsController#create as */*
  Parameters: {"additionRange"=>{"min"=>2, "max"=>100}, "multiplicationRange"=>{"min"=>2, "max"=>12}, "duration"=>30, "question"=>{}}
Completed 200 OK in 3ms (Views: 2.4ms | Allocations: 2806)


Started GET "/public/spinner.gif" for 99.240.133.107 at 2023-07-30 20:25:26 +0000
  
ActionController::RoutingError (No route matches [GET] "/public/spinner.gif"):
  
Started POST "/api/v1/questions" for 99.240.133.107 at 2023-07-30 20:25:26 +0000
Processing by Api::V1::QuestionsController#create as */*
  Parameters: {"additionRange"=>{"min"=>2, "max"=>100}, "multiplicationRange"=>{"min"=>2, "max"=>12}, "duration"=>30, "question"=>{}}
Completed 200 OK in 2ms (Views: 0.9ms | Allocations: 2802)


Started POST "/api/v1/questions" for 99.240.133.107 at 2023-07-30 20:26:34 +0000
Started GET "/public/spinner.gif" for 99.240.133.107 at 2023-07-30 20:26:34 +0000
  
ActionController::RoutingError (No route matches [GET] "/public/spinner.gif"):
  
Processing by Api::V1::QuestionsController#create as */*
  Parameters: {"additionRange"=>{"min"=>2, "max"=>100}, "multiplicationRange"=>{"min"=>2, "max"=>12}, "duration"=>120, "question"=>{}}
Completed 200 OK in 5ms (Views: 2.9ms | Allocations: 10902)


Started GET "/" for 99.240.133.107 at 2023-07-30 20:43:21 +0000
  [1m[36mActiveRecord::SchemaMigration Pluck (64.7ms)[0m  [1m[34mSELECT "schema_migrations"."version" FROM "schema_migrations" ORDER BY "schema_migrations"."version" ASC[0m
Processing by Rails::WelcomeController#index as HTML
  Rendering /usr/local/rvm/gems/ruby-3.2.2/gems/railties-7.0.6/lib/rails/templates/rails/welcome/index.html.erb
  Rendered /usr/local/rvm/gems/ruby-3.2.2/gems/railties-7.0.6/lib/rails/templates/rails/welcome/index.html.erb (Duration: 15.9ms | Allocations: 490)
Completed 200 OK in 29ms (Views: 18.9ms | ActiveRecord: 0.0ms | Allocations: 4062)


Started GET "/public/spinner.gif" for 99.240.133.107 at 2023-07-30 20:44:46 +0000
Started POST "/api/v1/questions" for 99.240.133.107 at 2023-07-30 20:44:46 +0000
  
ActionController::RoutingError (No route matches [GET] "/public/spinner.gif"):
  
Processing by Api::V1::QuestionsController#create as */*
  Parameters: {"additionRange"=>{"min"=>2, "max"=>100}, "multiplicationRange"=>{"min"=>2, "max"=>12}, "duration"=>30, "question"=>{}}
Completed 200 OK in 2ms (Views: 1.0ms | ActiveRecord: 192.1ms | Allocations: 2966)


Started GET "/public/spinner.gif" for 99.240.133.107 at 2023-07-30 20:45:16 +0000
  
ActionController::RoutingError (No route matches [GET] "/public/spinner.gif"):
  
Started POST "/api/v1/questions" for 99.240.133.107 at 2023-07-30 20:45:57 +0000
Processing by Api::V1::QuestionsController#create as */*
  Parameters: {"additionRange"=>{"min"=>2, "max"=>100}, "multiplicationRange"=>{"min"=>2, "max"=>12}, "duration"=>30, "question"=>{}}
Completed 200 OK in 2ms (Views: 0.9ms | ActiveRecord: 0.0ms | Allocations: 2804)


Started GET "/public/spinner.gif" for 99.240.133.107 at 2023-07-30 20:45:59 +0000
  
ActionController::RoutingError (No route matches [GET] "/public/spinner.gif"):
  
Started GET "/api/v1/games" for 99.240.133.107 at 2023-07-30 20:46:09 +0000
Processing by Api::V1::GamesController#index as HTML
Completed 200 OK in 0ms (Views: 0.1ms | ActiveRecord: 0.0ms | Allocations: 146)


Started POST "/api/v1/questions" for 99.240.133.107 at 2023-07-30 20:46:29 +0000
Started GET "/public/spinner.gif" for 99.240.133.107 at 2023-07-30 20:46:29 +0000
Processing by Api::V1::QuestionsController#create as */*
  Parameters: {"additionRange"=>{"min"=>2, "max"=>100}, "multiplicationRange"=>{"min"=>2, "max"=>12}, "duration"=>30, "question"=>{}}
Completed 200 OK in 1ms (Views: 0.9ms | ActiveRecord: 0.0ms | Allocations: 2802)


  
ActionController::RoutingError (No route matches [GET] "/public/spinner.gif"):
  
Started POST "/api/v1/questions" for 99.240.133.107 at 2023-07-30 20:47:39 +0000
Processing by Api::V1::QuestionsController#create as */*
  Parameters: {"additionRange"=>{"min"=>2, "max"=>100}, "multiplicationRange"=>{"min"=>2, "max"=>12}, "duration"=>30, "question"=>{}}
Completed 200 OK in 1ms (Views: 0.7ms | ActiveRecord: 0.0ms | Allocations: 2802)


Started POST "/api/v1/questions" for 99.240.133.107 at 2023-07-30 20:50:29 +0000
Processing by Api::V1::QuestionsController#create as */*
  Parameters: {"additionRange"=>{"min"=>2, "max"=>100}, "multiplicationRange"=>{"min"=>2, "max"=>12}, "duration"=>30, "question"=>{}}
Completed 200 OK in 1ms (Views: 0.7ms | Allocations: 2802)


Started POST "/api/v1/questions" for 99.240.133.107 at 2023-07-30 20:56:09 +0000
Processing by Api::V1::QuestionsController#create as */*
  Parameters: {"additionRange"=>{"min"=>2, "max"=>100}, "multiplicationRange"=>{"min"=>2, "max"=>12}, "duration"=>30, "question"=>{}}
Completed 200 OK in 1ms (Views: 0.9ms | Allocations: 2802)


Started POST "/api/v1/questions" for 99.240.133.107 at 2023-07-30 20:57:00 +0000
Processing by Api::V1::QuestionsController#create as */*
  Parameters: {"additionRange"=>{"min"=>2, "max"=>100}, "multiplicationRange"=>{"min"=>2, "max"=>12}, "duration"=>30, "question"=>{}}
Completed 200 OK in 1ms (Views: 0.7ms | Allocations: 2802)


Started GET "/api/v1/games" for 99.240.133.107 at 2023-07-30 21:45:33 +0000
  [1m[36mActiveRecord::SchemaMigration Pluck (64.7ms)[0m  [1m[34mSELECT "schema_migrations"."version" FROM "schema_migrations" ORDER BY "schema_migrations"."version" ASC[0m
Processing by Api::V1::GamesController#index as HTML
Completed 200 OK in 5ms (Views: 0.2ms | ActiveRecord: 0.0ms | Allocations: 2346)


Started POST "/api/v1/questions" for 99.240.133.107 at 2023-07-30 21:45:44 +0000
Processing by Api::V1::QuestionsController#create as */*
  Parameters: {"additionRange"=>{"min"=>2, "max"=>100}, "multiplicationRange"=>{"min"=>2, "max"=>12}, "duration"=>30, "question"=>{}}
Completed 200 OK in 3ms (Views: 0.8ms | ActiveRecord: 191.2ms | Allocations: 3413)


Started POST "/api/v1/questions" for 99.240.133.107 at 2023-07-30 21:47:15 +0000
Processing by Api::V1::QuestionsController#create as */*
  Parameters: {"additionRange"=>{"min"=>2, "max"=>100}, "multiplicationRange"=>{"min"=>2, "max"=>12}, "duration"=>30, "question"=>{}}
Completed 200 OK in 2ms (Views: 1.1ms | ActiveRecord: 0.0ms | Allocations: 3074)


Started POST "/api/v1/questions" for 99.240.133.107 at 2023-07-30 21:47:24 +0000
Processing by Api::V1::QuestionsController#create as */*
  Parameters: {"additionRange"=>{"min"=>2, "max"=>100}, "multiplicationRange"=>{"min"=>2, "max"=>12}, "duration"=>30, "question"=>{}}
Completed 200 OK in 2ms (Views: 0.9ms | ActiveRecord: 0.0ms | Allocations: 3075)


Started POST "/api/v1/questions" for 99.240.133.107 at 2023-07-30 21:48:01 +0000
Processing by Api::V1::QuestionsController#create as */*
  Parameters: {"additionRange"=>{"min"=>2, "max"=>100}, "multiplicationRange"=>{"min"=>2, "max"=>12}, "duration"=>30, "question"=>{}}
Completed 200 OK in 12ms (Views: 8.5ms | ActiveRecord: 0.0ms | Allocations: 3072)


Started POST "/api/v1/questions" for 99.240.133.107 at 2023-07-30 21:48:35 +0000
Processing by Api::V1::QuestionsController#create as */*
  Parameters: {"additionRange"=>{"min"=>2, "max"=>100}, "multiplicationRange"=>{"min"=>2, "max"=>12}, "duration"=>30, "question"=>{}}
Completed 200 OK in 15ms (Views: 8.8ms | ActiveRecord: 0.0ms | Allocations: 3073)


Started POST "/api/v1/questions" for 99.240.133.107 at 2023-07-30 21:49:19 +0000
Processing by Api::V1::QuestionsController#create as */*
  Parameters: {"additionRange"=>{"min"=>2, "max"=>100}, "multiplicationRange"=>{"min"=>2, "max"=>12}, "duration"=>30, "question"=>{}}
Completed 200 OK in 2ms (Views: 1.3ms | ActiveRecord: 0.0ms | Allocations: 3076)


  [1m[35m (63.0ms)[0m  [1m[34mSELECT pg_try_advisory_lock(6765451939666364595)[0m
  [1m[36mActiveRecord::SchemaMigration Pluck (64.8ms)[0m  [1m[34mSELECT "schema_migrations"."version" FROM "schema_migrations" ORDER BY "schema_migrations"."version" ASC[0m
Migrating to DropOldTables (20230730222410)
  [1m[36mTRANSACTION (62.9ms)[0m  [1m[35mBEGIN[0m
  [1m[35m (68.7ms)[0m  [1m[35mDROP TABLE "questions"[0m
  [1m[35m (68.4ms)[0m  [1m[35mDROP TABLE "games"[0m
  [1m[35m (66.1ms)[0m  [1m[35mDROP TABLE "game_settings"[0m
  [1m[36mActiveRecord::SchemaMigration Create (63.1ms)[0m  [1m[32mINSERT INTO "schema_migrations" ("version") VALUES ($1) RETURNING "version"[0m  [["version", "20230730222410"]]
  [1m[36mTRANSACTION (80.9ms)[0m  [1m[35mCOMMIT[0m
  [1m[36mActiveRecord::InternalMetadata Load (63.9ms)[0m  [1m[34mSELECT "ar_internal_metadata".* FROM "ar_internal_metadata" WHERE "ar_internal_metadata"."key" = $1 LIMIT $2[0m  [["key", "environment"], ["LIMIT", 1]]
  [1m[35m (62.8ms)[0m  [1m[34mSELECT pg_advisory_unlock(6765451939666364595)[0m
  [1m[36mActiveRecord::SchemaMigration Pluck (67.4ms)[0m  [1m[34mSELECT "schema_migrations"."version" FROM "schema_migrations" ORDER BY "schema_migrations"."version" ASC[0m
  [1m[35m (63.0ms)[0m  [1m[34mSELECT pg_try_advisory_lock(6765451939666364595)[0m
  [1m[36mActiveRecord::SchemaMigration Pluck (64.7ms)[0m  [1m[34mSELECT "schema_migrations"."version" FROM "schema_migrations" ORDER BY "schema_migrations"."version" ASC[0m
Migrating to CreateGames (20230730222548)
  [1m[36mTRANSACTION (62.9ms)[0m  [1m[35mBEGIN[0m
  [1m[35m (75.0ms)[0m  [1m[35mCREATE TABLE "games" ("id" bigserial primary key, "score" integer, "end_timestamp" timestamp(6), "created_at" timestamp(6) NOT NULL, "updated_at" timestamp(6) NOT NULL)[0m
  [1m[36mActiveRecord::SchemaMigration Create (63.3ms)[0m  [1m[32mINSERT INTO "schema_migrations" ("version") VALUES ($1) RETURNING "version"[0m  [["version", "20230730222548"]]
  [1m[36mTRANSACTION (71.4ms)[0m  [1m[35mCOMMIT[0m
Migrating to CreateGameSettings (20230730222624)
  [1m[36mTRANSACTION (63.1ms)[0m  [1m[35mBEGIN[0m
  [1m[35m (72.3ms)[0m  [1m[35mCREATE TABLE "game_settings" ("id" bigserial primary key, "game_id" bigint NOT NULL, "addition_range_start" integer, "addition_range_end" integer, "multiplication_range_start" integer, "multiplication_range_end" integer, "duration" integer, "created_at" timestamp(6) NOT NULL, "updated_at" timestamp(6) NOT NULL, CONSTRAINT "fk_rails_15b890b0e5"
FOREIGN KEY ("game_id")
  REFERENCES "games" ("id")
)[0m
  [1m[35m (66.5ms)[0m  [1m[35mCREATE INDEX "index_game_settings_on_game_id" ON "game_settings" ("game_id")[0m
  [1m[36mActiveRecord::SchemaMigration Create (62.9ms)[0m  [1m[32mINSERT INTO "schema_migrations" ("version") VALUES ($1) RETURNING "version"[0m  [["version", "20230730222624"]]
  [1m[36mTRANSACTION (63.6ms)[0m  [1m[35mCOMMIT[0m
Migrating to CreateQuestions (20230730222645)
  [1m[36mTRANSACTION (62.8ms)[0m  [1m[35mBEGIN[0m
  [1m[35m (75.6ms)[0m  [1m[35mCREATE TABLE "questions" ("id" bigserial primary key, "game_id" bigint NOT NULL, "num1" integer, "num2" integer, "op_type" character varying, "answer" integer, "created_at" timestamp(6) NOT NULL, "updated_at" timestamp(6) NOT NULL, CONSTRAINT "fk_rails_2bd8fcb131"
FOREIGN KEY ("game_id")
  REFERENCES "games" ("id")
)[0m
  [1m[35m (68.3ms)[0m  [1m[35mCREATE INDEX "index_questions_on_game_id" ON "questions" ("game_id")[0m
  [1m[36mActiveRecord::SchemaMigration Create (63.0ms)[0m  [1m[32mINSERT INTO "schema_migrations" ("version") VALUES ($1) RETURNING "version"[0m  [["version", "20230730222645"]]
  [1m[36mTRANSACTION (64.6ms)[0m  [1m[35mCOMMIT[0m
  [1m[36mActiveRecord::InternalMetadata Load (63.5ms)[0m  [1m[34mSELECT "ar_internal_metadata".* FROM "ar_internal_metadata" WHERE "ar_internal_metadata"."key" = $1 LIMIT $2[0m  [["key", "environment"], ["LIMIT", 1]]
  [1m[35m (63.0ms)[0m  [1m[34mSELECT pg_advisory_unlock(6765451939666364595)[0m
  [1m[36mActiveRecord::SchemaMigration Pluck (67.2ms)[0m  [1m[34mSELECT "schema_migrations"."version" FROM "schema_migrations" ORDER BY "schema_migrations"."version" ASC[0m
